[1001/225523.605:ERROR:process_memory_win.cc(73)] ReadMemory at 0x1bbce3a4c40 of 72 bytes failed: Only part of a ReadProcessMemory or WriteProcessMemory request was completed. (0x12B)
[1001/225523.606:WARNING:pe_image_annotations_reader.cc(135)] could not read annotations list object in C:\Program Files (x86)\Google\Chrome\Application\85.0.4183.121\chrome_elf.dll
[1001/225523.607:ERROR:process_memory_win.cc(73)] ReadMemory at 0x1bbce3e5c70 of 72 bytes failed: Only part of a ReadProcessMemory or WriteProcessMemory request was completed. (0x12B)
[1001/225523.607:WARNING:pe_image_annotations_reader.cc(135)] could not read annotations list object in C:\Program Files (x86)\Google\Chrome\Application\85.0.4183.121\chrome.dll
[1001/225523.613:ERROR:process_memory_win.cc(73)] ReadMemory at 0x1bbce3a4c40 of 72 bytes failed: Only part of a ReadProcessMemory or WriteProcessMemory request was completed. (0x12B)
[1001/225523.613:WARNING:pe_image_annotations_reader.cc(135)] could not read annotations list object in C:\Program Files (x86)\Google\Chrome\Application\85.0.4183.121\chrome_elf.dll
[1001/225523.613:ERROR:process_memory_win.cc(73)] ReadMemory at 0x1bbce3e5c70 of 72 bytes failed: Only part of a ReadProcessMemory or WriteProcessMemory request was completed. (0x12B)
[1001/225523.613:WARNING:pe_image_annotations_reader.cc(135)] could not read annotations list object in C:\Program Files (x86)\Google\Chrome\Application\85.0.4183.121\chrome.dll
[1001/225523.615:ERROR:process_memory_win.cc(73)] ReadMemory at 0x1bbce3a4c40 of 72 bytes failed: Only part of a ReadProcessMemory or WriteProcessMemory request was completed. (0x12B)
[1001/225523.615:WARNING:pe_image_annotations_reader.cc(135)] could not read annotations list object in C:\Program Files (x86)\Google\Chrome\Application\85.0.4183.121\chrome_elf.dll
[1001/225523.615:ERROR:process_memory_win.cc(73)] ReadMemory at 0x1bbce3e5c70 of 72 bytes failed: Only part of a ReadProcessMemory or WriteProcessMemory request was completed. (0x12B)
[1001/225523.615:WARNING:pe_image_annotations_reader.cc(135)] could not read annotations list object in C:\Program Files (x86)\Google\Chrome\Application\85.0.4183.121\chrome.dll
[1001/225523.627:ERROR:process_memory_win.cc(73)] ReadMemory at 0x98f49f0000 of 65536 bytes failed: Only part of a ReadProcessMemory or WriteProcessMemory request was completed. (0x12B)
[1001/225523.627:ERROR:process_memory_win.cc(73)] ReadMemory at 0x98f51fe000 of 8192 bytes failed: Only part of a ReadProcessMemory or WriteProcessMemory request was completed. (0x12B)
[1001/225523.628:ERROR:process_memory_win.cc(73)] ReadMemory at 0x98f59ff000 of 4096 bytes failed: Only part of a ReadProcessMemory or WriteProcessMemory request was completed. (0x12B)
[1001/225523.628:ERROR:process_memory_win.cc(73)] ReadMemory at 0x98f61ff000 of 4096 bytes failed: Only part of a ReadProcessMemory or WriteProcessMemory request was completed. (0x12B)
[1001/225523.628:ERROR:process_memory_win.cc(73)] ReadMemory at 0x98f69fd000 of 12288 bytes failed: Only part of a ReadProcessMemory or WriteProcessMemory request was completed. (0x12B)
[1001/225523.628:ERROR:process_memory_win.cc(73)] ReadMemory at 0x98f71fd000 of 12288 bytes failed: Only part of a ReadProcessMemory or WriteProcessMemory request was completed. (0x12B)
[1001/225523.628:ERROR:process_memory_win.cc(73)] ReadMemory at 0x98f79fc000 of 16384 bytes failed: Only part of a ReadProcessMemory or WriteProcessMemory request was completed. (0x12B)
[1001/225523.628:ERROR:process_memory_win.cc(73)] ReadMemory at 0x98f81fc000 of 16384 bytes failed: Only part of a ReadProcessMemory or WriteProcessMemory request was completed. (0x12B)
[1001/225523.628:ERROR:process_memory_win.cc(73)] ReadMemory at 0x98f89ff000 of 4096 bytes failed: Only part of a ReadProcessMemory or WriteProcessMemory request was completed. (0x12B)
[1001/225523.628:ERROR:process_memory_win.cc(73)] ReadMemory at 0x98f91fd000 of 12288 bytes failed: Only part of a ReadProcessMemory or WriteProcessMemory request was completed. (0x12B)
[1001/225523.629:ERROR:process_memory_win.cc(73)] ReadMemory at 0x98f99fd000 of 12288 bytes failed: Only part of a ReadProcessMemory or WriteProcessMemory request was completed. (0x12B)
[1001/225523.629:ERROR:process_memory_win.cc(73)] ReadMemory at 0x98fa1fd000 of 12288 bytes failed: Only part of a ReadProcessMemory or WriteProcessMemory request was completed. (0x12B)
[1001/225523.629:ERROR:process_memory_win.cc(73)] ReadMemory at 0x98fa9fd000 of 12288 bytes failed: Only part of a ReadProcessMemory or WriteProcessMemory request was completed. (0x12B)
[1001/225523.629:ERROR:process_memory_win.cc(73)] ReadMemory at 0x98fb1fd000 of 12288 bytes failed: Only part of a ReadProcessMemory or WriteProcessMemory request was completed. (0x12B)
[1001/225523.629:ERROR:process_memory_win.cc(73)] ReadMemory at 0x98fb9fd000 of 12288 bytes failed: Only part of a ReadProcessMemory or WriteProcessMemory request was completed. (0x12B)
[1001/225523.629:ERROR:process_memory_win.cc(73)] ReadMemory at 0x98fc1fd000 of 12288 bytes failed: Only part of a ReadProcessMemory or WriteProcessMemory request was completed. (0x12B)
[1001/225523.630:ERROR:process_memory_win.cc(73)] ReadMemory at 0x98fc9fd000 of 12288 bytes failed: Only part of a ReadProcessMemory or WriteProcessMemory request was completed. (0x12B)
[1001/225523.630:ERROR:process_memory_win.cc(73)] ReadMemory at 0x98fd1fd000 of 12288 bytes failed: Only part of a ReadProcessMemory or WriteProcessMemory request was completed. (0x12B)
[1001/225523.630:ERROR:process_memory_win.cc(73)] ReadMemory at 0x98fd9fd000 of 12288 bytes failed: Only part of a ReadProcessMemory or WriteProcessMemory request was completed. (0x12B)
[1001/225523.630:ERROR:process_memory_win.cc(73)] ReadMemory at 0x98f40d6000 of 852 bytes failed: Only part of a ReadProcessMemory or WriteProcessMemory request was completed. (0x12B)
[1001/225523.630:ERROR:process_memory_win.cc(73)] ReadMemory at 0x98f40d7000 of 6024 bytes failed: Only part of a ReadProcessMemory or WriteProcessMemory request was completed. (0x12B)
[1001/225523.630:ERROR:process_memory_win.cc(73)] ReadMemory at 0x98f40d9000 of 6024 bytes failed: Only part of a ReadProcessMemory or WriteProcessMemory request was completed. (0x12B)
[1001/225523.631:ERROR:process_memory_win.cc(73)] ReadMemory at 0x98f40db000 of 6024 bytes failed: Only part of a ReadProcessMemory or WriteProcessMemory request was completed. (0x12B)
[1001/225523.631:ERROR:process_memory_win.cc(73)] ReadMemory at 0x98f40dd000 of 6024 bytes failed: Only part of a ReadProcessMemory or WriteProcessMemory request was completed. (0x12B)
[1001/225523.631:ERROR:process_memory_win.cc(73)] ReadMemory at 0x98f40df000 of 6024 bytes failed: Only part of a ReadProcessMemory or WriteProcessMemory request was completed. (0x12B)
[1001/225523.631:ERROR:process_memory_win.cc(73)] ReadMemory at 0x98f40e1000 of 6024 bytes failed: Only part of a ReadProcessMemory or WriteProcessMemory request was completed. (0x12B)
[1001/225523.631:ERROR:process_memory_win.cc(73)] ReadMemory at 0x98f40e3000 of 6024 bytes failed: Only part of a ReadProcessMemory or WriteProcessMemory request was completed. (0x12B)
[1001/225523.631:ERROR:process_memory_win.cc(73)] ReadMemory at 0x98f40e5000 of 6024 bytes failed: Only part of a ReadProcessMemory or WriteProcessMemory request was completed. (0x12B)
[1001/225523.631:ERROR:process_memory_win.cc(73)] ReadMemory at 0x98f40e7000 of 6024 bytes failed: Only part of a ReadProcessMemory or WriteProcessMemory request was completed. (0x12B)
[1001/225523.632:ERROR:process_memory_win.cc(73)] ReadMemory at 0x98f40e9000 of 6024 bytes failed: Only part of a ReadProcessMemory or WriteProcessMemory request was completed. (0x12B)
[1001/225523.632:ERROR:process_memory_win.cc(73)] ReadMemory at 0x98f40eb000 of 6024 bytes failed: Only part of a ReadProcessMemory or WriteProcessMemory request was completed. (0x12B)
[1001/225523.632:ERROR:process_memory_win.cc(73)] ReadMemory at 0x98f40ed000 of 6024 bytes failed: Only part of a ReadProcessMemory or WriteProcessMemory request was completed. (0x12B)
[1001/225523.632:ERROR:process_memory_win.cc(73)] ReadMemory at 0x98f40ef000 of 6024 bytes failed: Only part of a ReadProcessMemory or WriteProcessMemory request was completed. (0x12B)
[1001/225523.632:ERROR:process_memory_win.cc(73)] ReadMemory at 0x98f40f1000 of 6024 bytes failed: Only part of a ReadProcessMemory or WriteProcessMemory request was completed. (0x12B)
[1001/225523.633:ERROR:process_memory_win.cc(73)] ReadMemory at 0x98f40f3000 of 6024 bytes failed: Only part of a ReadProcessMemory or WriteProcessMemory request was completed. (0x12B)
[1001/225523.633:ERROR:process_memory_win.cc(73)] ReadMemory at 0x98f40f5000 of 6024 bytes failed: Only part of a ReadProcessMemory or WriteProcessMemory request was completed. (0x12B)
[1001/225523.633:ERROR:process_memory_win.cc(73)] ReadMemory at 0x98f40f7000 of 6024 bytes failed: Only part of a ReadProcessMemory or WriteProcessMemory request was completed. (0x12B)
[1001/225523.633:ERROR:process_memory_win.cc(73)] ReadMemory at 0x98f40f9000 of 6024 bytes failed: Only part of a ReadProcessMemory or WriteProcessMemory request was completed. (0x12B)
[1001/225523.633:ERROR:process_memory_win.cc(73)] ReadMemory at 0x98f40fb000 of 6024 bytes failed: Only part of a ReadProcessMemory or WriteProcessMemory request was completed. (0x12B)
[1001/225523.635:ERROR:process_memory_win.cc(73)] ReadMemory at 0x1bbce390000 of 384 bytes failed: Only part of a ReadProcessMemory or WriteProcessMemory request was completed. (0x12B)
[1001/225523.635:ERROR:process_memory_win.cc(73)] ReadMemory at 0x1bbce390fe0 of 16076 bytes failed: Only part of a ReadProcessMemory or WriteProcessMemory request was completed. (0x12B)
[1001/225523.635:ERROR:process_memory_win.cc(73)] ReadMemory at 0x1bbce394ec0 of 1012 bytes failed: Only part of a ReadProcessMemory or WriteProcessMemory request was completed. (0x12B)
[1001/225523.635:ERROR:process_memory_win.cc(73)] ReadMemory at 0x1bbce395508 of 118 bytes failed: Only part of a ReadProcessMemory or WriteProcessMemory request was completed. (0x12B)
[1001/225523.635:ERROR:process_memory_win.cc(73)] ReadMemory at 0x1bbce395580 of 1398 bytes failed: Only part of a ReadProcessMemory or WriteProcessMemory request was completed. (0x12B)
[1001/225523.635:ERROR:process_memory_win.cc(73)] ReadMemory at 0x1bbce395af8 of 118 bytes failed: Only part of a ReadProcessMemory or WriteProcessMemory request was completed. (0x12B)
[1001/225523.635:ERROR:process_memory_win.cc(73)] ReadMemory at 0x1bbce395b70 of 30 bytes failed: Only part of a ReadProcessMemory or WriteProcessMemory request was completed. (0x12B)
[1001/225523.636:ERROR:process_memory_win.cc(73)] ReadMemory at 0x1bbce395ba0 of 58 bytes failed: Only part of a ReadProcessMemory or WriteProcessMemory request was completed. (0x12B)
[1001/225523.636:ERROR:process_memory_win.cc(73)] ReadMemory at 0x1bbce395ca0 of 132 bytes failed: Only part of a ReadProcessMemory or WriteProcessMemory request was completed. (0x12B)
[1001/225523.636:ERROR:process_memory_win.cc(73)] ReadMemory at 0x1bbce395e30 of 132 bytes failed: Only part of a ReadProcessMemory or WriteProcessMemory request was completed. (0x12B)
[1001/225523.636:ERROR:process_memory_win.cc(73)] ReadMemory at 0x1bbce396000 of 126 bytes failed: Only part of a ReadProcessMemory or WriteProcessMemory request was completed. (0x12B)
[1001/225523.636:ERROR:process_memory_win.cc(73)] ReadMemory at 0x1bbce3963e0 of 132 bytes failed: Only part of a ReadProcessMemory or WriteProcessMemory request was completed. (0x12B)
[1001/225523.636:ERROR:process_memory_win.cc(73)] ReadMemory at 0x1bbce396540 of 512 bytes failed: Only part of a ReadProcessMemory or WriteProcessMemory request was completed. (0x12B)
[1001/225523.636:ERROR:process_memory_win.cc(73)] ReadMemory at 0x1bbce3969f0 of 132 bytes failed: Only part of a ReadProcessMemory or WriteProcessMemory request was completed. (0x12B)
[1001/225523.636:ERROR:process_memory_win.cc(73)] ReadMemory at 0x1bbce396b80 of 68 bytes failed: Only part of a ReadProcessMemory or WriteProcessMemory request was completed. (0x12B)
[1001/225523.636:ERROR:process_memory_win.cc(73)] ReadMemory at 0x1bbce397ed0 of 132 bytes failed: Only part of a ReadProcessMemory or WriteProcessMemory request was completed. (0x12B)
[1001/225523.637:ERROR:process_memory_win.cc(73)] ReadMemory at 0x1bbce3980e0 of 132 bytes failed: Only part of a ReadProcessMemory or WriteProcessMemory request was completed. (0x12B)
[1001/225523.637:ERROR:process_memory_win.cc(73)] ReadMemory at 0x1bbce398210 of 154 bytes failed: Only part of a ReadProcessMemory or WriteProcessMemory request was completed. (0x12B)
[1001/225523.637:ERROR:process_memory_win.cc(73)] ReadMemory at 0x1bbce3990f0 of 62 bytes failed: Only part of a ReadProcessMemory or WriteProcessMemory request was completed. (0x12B)
[1001/225523.637:ERROR:process_memory_win.cc(73)] ReadMemory at 0x1bbce399250 of 132 bytes failed: Only part of a ReadProcessMemory or WriteProcessMemory request was completed. (0x12B)
[1001/225523.637:ERROR:process_memory_win.cc(73)] ReadMemory at 0x1bbce3993e0 of 60 bytes failed: Only part of a ReadProcessMemory or WriteProcessMemory request was completed. (0x12B)
[1001/225523.637:ERROR:process_memory_win.cc(73)] ReadMemory at 0x1bbce399f90 of 512 bytes failed: Only part of a ReadProcessMemory or WriteProcessMemory request was completed. (0x12B)
[1001/225523.637:ERROR:process_memory_win.cc(73)] ReadMemory at 0x1bbce39a310 of 544 bytes failed: Only part of a ReadProcessMemory or WriteProcessMemory request was completed. (0x12B)
[1001/225523.637:ERROR:process_memory_win.cc(73)] ReadMemory at 0x1bbce39a6b0 of 512 bytes failed: Only part of a ReadProcessMemory or WriteProcessMemory request was completed. (0x12B)
[1001/225523.638:ERROR:process_memory_win.cc(73)] ReadMemory at 0x1bbce3a77c0 of 62 bytes failed: Only part of a ReadProcessMemory or WriteProcessMemory request was completed. (0x12B)
[1001/225523.638:ERROR:process_memory_win.cc(73)] ReadMemory at 0x1bbce3a7810 of 64 bytes failed: Only part of a ReadProcessMemory or WriteProcessMemory request was completed. (0x12B)
[1001/225523.638:ERROR:process_memory_win.cc(73)] ReadMemory at 0x1bbce3a7bd0 of 60 bytes failed: Only part of a ReadProcessMemory or WriteProcessMemory request was completed. (0x12B)
[1001/225523.638:ERROR:process_memory_win.cc(73)] ReadMemory at 0x1bbce3a7c20 of 64 bytes failed: Only part of a ReadProcessMemory or WriteProcessMemory request was completed. (0x12B)
[1001/225523.638:ERROR:process_memory_win.cc(73)] ReadMemory at 0x1bbce3a7ef0 of 60 bytes failed: Only part of a ReadProcessMemory or WriteProcessMemory request was completed. (0x12B)
[1001/225523.638:ERROR:process_memory_win.cc(73)] ReadMemory at 0x1bbce3a7f40 of 66 bytes failed: Only part of a ReadProcessMemory or WriteProcessMemory request was completed. (0x12B)
[1001/225523.638:ERROR:process_memory_win.cc(73)] ReadMemory at 0x1bbce3a7f90 of 58 bytes failed: Only part of a ReadProcessMemory or WriteProcessMemory request was completed. (0x12B)
[1001/225523.639:ERROR:process_memory_win.cc(73)] ReadMemory at 0x1bbce3a8120 of 64 bytes failed: Only part of a ReadProcessMemory or WriteProcessMemory request was completed. (0x12B)
[1001/225523.639:ERROR:process_memory_win.cc(73)] ReadMemory at 0x1bbce3a82b0 of 62 bytes failed: Only part of a ReadProcessMemory or WriteProcessMemory request was completed. (0x12B)
[1001/225523.639:ERROR:process_memory_win.cc(73)] ReadMemory at 0x1bbce3a84e0 of 64 bytes failed: Only part of a ReadProcessMemory or WriteProcessMemory request was completed. (0x12B)
[1001/225523.639:ERROR:process_memory_win.cc(73)] ReadMemory at 0x1bbce3a8530 of 64 bytes failed: Only part of a ReadProcessMemory or WriteProcessMemory request was completed. (0x12B)
[1001/225523.639:ERROR:process_memory_win.cc(73)] ReadMemory at 0x1bbce3a8580 of 62 bytes failed: Only part of a ReadProcessMemory or WriteProcessMemory request was completed. (0x12B)
[1001/225523.639:ERROR:process_memory_win.cc(73)] ReadMemory at 0x1bbce3ac2f0 of 132 bytes failed: Only part of a ReadProcessMemory or WriteProcessMemory request was completed. (0x12B)
[1001/225523.639:ERROR:process_memory_win.cc(73)] ReadMemory at 0x1bbce3adb20 of 512 bytes failed: Only part of a ReadProcessMemory or WriteProcessMemory request was completed. (0x12B)
[1001/225523.640:ERROR:process_memory_win.cc(73)] ReadMemory at 0x1bbce3adea0 of 512 bytes failed: Only part of a ReadProcessMemory or WriteProcessMemory request was completed. (0x12B)
[1001/225523.640:ERROR:process_memory_win.cc(73)] ReadMemory at 0x1bbce3aef50 of 132 bytes failed: Only part of a ReadProcessMemory or WriteProcessMemory request was completed. (0x12B)
[1001/225523.640:ERROR:process_memory_win.cc(73)] ReadMemory at 0x1bbce3af170 of 132 bytes failed: Only part of a ReadProcessMemory or WriteProcessMemory request was completed. (0x12B)
[1001/225523.640:ERROR:process_memory_win.cc(73)] ReadMemory at 0x1bbce3b0680 of 80 bytes failed: Only part of a ReadProcessMemory or WriteProcessMemory request was completed. (0x12B)
[1001/225523.640:ERROR:process_memory_win.cc(73)] ReadMemory at 0x1bbce3b4690 of 132 bytes failed: Only part of a ReadProcessMemory or WriteProcessMemory request was completed. (0x12B)
[1001/225523.640:ERROR:process_memory_win.cc(73)] ReadMemory at 0x1bbce3b5200 of 132 bytes failed: Only part of a ReadProcessMemory or WriteProcessMemory request was completed. (0x12B)
[1001/225523.640:ERROR:process_memory_win.cc(73)] ReadMemory at 0x1bbce3b5330 of 132 bytes failed: Only part of a ReadProcessMemory or WriteProcessMemory request was completed. (0x12B)
[1001/225523.640:ERROR:process_memory_win.cc(73)] ReadMemory at 0x1bbce3b5460 of 132 bytes failed: Only part of a ReadProcessMemory or WriteProcessMemory request was completed. (0x12B)
[1001/225523.640:ERROR:process_memory_win.cc(73)] ReadMemory at 0x1bbce3b5590 of 132 bytes failed: Only part of a ReadProcessMemory or WriteProcessMemory request was completed. (0x12B)
[1001/225523.640:ERROR:process_memory_win.cc(73)] ReadMemory at 0x1bbce3b56c0 of 132 bytes failed: Only part of a ReadProcessMemory or WriteProcessMemory request was completed. (0x12B)
[1001/225523.641:ERROR:process_memory_win.cc(73)] ReadMemory at 0x1bbce3b57f0 of 132 bytes failed: Only part of a ReadProcessMemory or WriteProcessMemory request was completed. (0x12B)
[1001/225523.641:ERROR:process_memory_win.cc(73)] ReadMemory at 0x1bbce3b5920 of 132 bytes failed: Only part of a ReadProcessMemory or WriteProcessMemory request was completed. (0x12B)
[1001/225523.641:ERROR:process_memory_win.cc(73)] ReadMemory at 0x1bbce3b5a50 of 132 bytes failed: Only part of a ReadProcessMemory or WriteProcessMemory request was completed. (0x12B)
[1001/225523.641:ERROR:process_memory_win.cc(73)] ReadMemory at 0x1bbce3b5b80 of 132 bytes failed: Only part of a ReadProcessMemory or WriteProcessMemory request was completed. (0x12B)
[1001/225523.641:ERROR:process_memory_win.cc(73)] ReadMemory at 0x1bbce3b5cb0 of 132 bytes failed: Only part of a ReadProcessMemory or WriteProcessMemory request was completed. (0x12B)
[1001/225523.641:ERROR:process_memory_win.cc(73)] ReadMemory at 0x1bbce3b5de0 of 132 bytes failed: Only part of a ReadProcessMemory or WriteProcessMemory request was completed. (0x12B)
[1001/225523.641:ERROR:process_memory_win.cc(73)] ReadMemory at 0x1bbce3b5f10 of 132 bytes failed: Only part of a ReadProcessMemory or WriteProcessMemory request was completed. (0x12B)
[1001/225523.641:ERROR:process_memory_win.cc(73)] ReadMemory at 0x1bbce3b6040 of 132 bytes failed: Only part of a ReadProcessMemory or WriteProcessMemory request was completed. (0x12B)
[1001/225523.642:ERROR:process_memory_win.cc(73)] ReadMemory at 0x1bbce3b69c0 of 132 bytes failed: Only part of a ReadProcessMemory or WriteProcessMemory request was completed. (0x12B)
[1001/225523.642:ERROR:process_memory_win.cc(73)] ReadMemory at 0x1bbce3b8c20 of 132 bytes failed: Only part of a ReadProcessMemory or WriteProcessMemory request was completed. (0x12B)
[1001/225523.642:ERROR:process_memory_win.cc(73)] ReadMemory at 0x1bbce3b8e40 of 132 bytes failed: Only part of a ReadProcessMemory or WriteProcessMemory request was completed. (0x12B)
[1001/225523.642:ERROR:process_memory_win.cc(73)] ReadMemory at 0x1bbce3b9cd0 of 132 bytes failed: Only part of a ReadProcessMemory or WriteProcessMemory request was completed. (0x12B)
[1001/225523.642:ERROR:process_memory_win.cc(73)] ReadMemory at 0x1bbce3bacc0 of 80 bytes failed: Only part of a ReadProcessMemory or WriteProcessMemory request was completed. (0x12B)
[1001/225523.642:ERROR:process_memory_win.cc(73)] ReadMemory at 0x1bbce3becf0 of 132 bytes failed: Only part of a ReadProcessMemory or WriteProcessMemory request was completed. (0x12B)
[1001/225523.642:ERROR:process_memory_win.cc(73)] ReadMemory at 0x1bbce3bee20 of 146 bytes failed: Only part of a ReadProcessMemory or WriteProcessMemory request was completed. (0x12B)
[1001/225523.643:ERROR:process_memory_win.cc(73)] ReadMemory at 0x1bbce3bf110 of 60 bytes failed: Only part of a ReadProcessMemory or WriteProcessMemory request was completed. (0x12B)
[1001/225523.643:ERROR:process_memory_win.cc(73)] ReadMemory at 0x1bbce3bf250 of 62 bytes failed: Only part of a ReadProcessMemory or WriteProcessMemory request was completed. (0x12B)
[1001/225523.643:ERROR:process_memory_win.cc(73)] ReadMemory at 0x1bbce3bf430 of 62 bytes failed: Only part of a ReadProcessMemory or WriteProcessMemory request was completed. (0x12B)
[1001/225523.643:ERROR:process_memory_win.cc(73)] ReadMemory at 0x1bbce3bf660 of 60 bytes failed: Only part of a ReadProcessMemory or WriteProcessMemory request was completed. (0x12B)
[1001/225523.643:ERROR:process_memory_win.cc(73)] ReadMemory at 0x1bbce3bf9d0 of 62 bytes failed: Only part of a ReadProcessMemory or WriteProcessMemory request was completed. (0x12B)
[1001/225523.643:ERROR:process_memory_win.cc(73)] ReadMemory at 0x1bbce3bfa20 of 62 bytes failed: Only part of a ReadProcessMemory or WriteProcessMemory request was completed. (0x12B)
[1001/225523.643:ERROR:process_memory_win.cc(73)] ReadMemory at 0x1bbce3bfa70 of 64 bytes failed: Only part of a ReadProcessMemory or WriteProcessMemory request was completed. (0x12B)
[1001/225523.643:ERROR:process_memory_win.cc(73)] ReadMemory at 0x1bbce3bfcf0 of 62 bytes failed: Only part of a ReadProcessMemory or WriteProcessMemory request was completed. (0x12B)
[1001/225523.643:ERROR:process_memory_win.cc(73)] ReadMemory at 0x1bbce3bfd40 of 62 bytes failed: Only part of a ReadProcessMemory or WriteProcessMemory request was completed. (0x12B)
[1001/225523.644:ERROR:process_memory_win.cc(73)] ReadMemory at 0x1bbce3bfd90 of 64 bytes failed: Only part of a ReadProcessMemory or WriteProcessMemory request was completed. (0x12B)
[1001/225523.644:ERROR:process_memory_win.cc(73)] ReadMemory at 0x1bbce3c0030 of 132 bytes failed: Only part of a ReadProcessMemory or WriteProcessMemory request was completed. (0x12B)
[1001/225523.644:ERROR:process_memory_win.cc(73)] ReadMemory at 0x1bbce3c0160 of 132 bytes failed: Only part of a ReadProcessMemory or WriteProcessMemory request was completed. (0x12B)
[1001/225523.644:ERROR:process_memory_win.cc(73)] ReadMemory at 0x1bbce3c0880 of 132 bytes failed: Only part of a ReadProcessMemory or WriteProcessMemory request was completed. (0x12B)
[1001/225523.644:ERROR:process_memory_win.cc(73)] ReadMemory at 0x1bbce3c0ae0 of 132 bytes failed: Only part of a ReadProcessMemory or WriteProcessMemory request was completed. (0x12B)
[1001/225523.644:ERROR:process_memory_win.cc(73)] ReadMemory at 0x1bbce3c0c10 of 132 bytes failed: Only part of a ReadProcessMemory or WriteProcessMemory request was completed. (0x12B)
[1001/225523.644:ERROR:process_memory_win.cc(73)] ReadMemory at 0x1bbce3c10d0 of 132 bytes failed: Only part of a ReadProcessMemory or WriteProcessMemory request was completed. (0x12B)
[1001/225523.644:ERROR:process_memory_win.cc(73)] ReadMemory at 0x1bbce3c17f0 of 132 bytes failed: Only part of a ReadProcessMemory or WriteProcessMemory request was completed. (0x12B)
[1001/225523.644:ERROR:process_memory_win.cc(73)] ReadMemory at 0x1bbce3c1a50 of 132 bytes failed: Only part of a ReadProcessMemory or WriteProcessMemory request was completed. (0x12B)
[1001/225523.644:ERROR:process_memory_win.cc(73)] ReadMemory at 0x1bbce3c2d70 of 512 bytes failed: Only part of a ReadProcessMemory or WriteProcessMemory request was completed. (0x12B)
[1001/225523.645:ERROR:process_memory_win.cc(73)] ReadMemory at 0x1bbce3e5040 of 60 bytes failed: Only part of a ReadProcessMemory or WriteProcessMemory request was completed. (0x12B)
[1001/225523.645:ERROR:process_memory_win.cc(73)] ReadMemory at 0x1bbce3e5180 of 66 bytes failed: Only part of a ReadProcessMemory or WriteProcessMemory request was completed. (0x12B)
[1001/225523.645:ERROR:process_memory_win.cc(73)] ReadMemory at 0x1bbce3e54a0 of 60 bytes failed: Only part of a ReadProcessMemory or WriteProcessMemory request was completed. (0x12B)
[1001/225523.645:ERROR:process_memory_win.cc(73)] ReadMemory at 0x1bbce3e5720 of 58 bytes failed: Only part of a ReadProcessMemory or WriteProcessMemory request was completed. (0x12B)
[1001/225523.645:ERROR:process_memory_win.cc(73)] ReadMemory at 0x1bbce3e5770 of 58 bytes failed: Only part of a ReadProcessMemory or WriteProcessMemory request was completed. (0x12B)
[1001/225523.645:ERROR:process_memory_win.cc(73)] ReadMemory at 0x1bbce3f03f0 of 512 bytes failed: Only part of a ReadProcessMemory or WriteProcessMemory request was completed. (0x12B)
[1001/225523.645:ERROR:process_memory_win.cc(73)] ReadMemory at 0x1bbce414210 of 512 bytes failed: Only part of a ReadProcessMemory or WriteProcessMemory request was completed. (0x12B)
[1001/225523.645:ERROR:process_memory_win.cc(73)] ReadMemory at 0x1bbce4171d0 of 512 bytes failed: Only part of a ReadProcessMemory or WriteProcessMemory request was completed. (0x12B)
[1001/225523.645:ERROR:process_memory_win.cc(73)] ReadMemory at 0x1bbce41aa10 of 712 bytes failed: Only part of a ReadProcessMemory or WriteProcessMemory request was completed. (0x12B)
[1001/225523.646:ERROR:process_memory_win.cc(73)] ReadMemory at 0x1bbce41caf0 of 512 bytes failed: Only part of a ReadProcessMemory or WriteProcessMemory request was completed. (0x12B)
[1001/225523.646:ERROR:process_memory_win.cc(73)] ReadMemory at 0x1bbce437ab0 of 512 bytes failed: Only part of a ReadProcessMemory or WriteProcessMemory request was completed. (0x12B)
[1001/225523.646:ERROR:process_memory_win.cc(73)] ReadMemory at 0x1bbce454c60 of 512 bytes failed: Only part of a ReadProcessMemory or WriteProcessMemory request was completed. (0x12B)
[1001/225523.646:ERROR:process_memory_win.cc(73)] ReadMemory at 0x1bbce46abe0 of 512 bytes failed: Only part of a ReadProcessMemory or WriteProcessMemory request was completed. (0x12B)
[1001/225523.646:ERROR:process_memory_win.cc(73)] ReadMemory at 0x1bbce46d230 of 512 bytes failed: Only part of a ReadProcessMemory or WriteProcessMemory request was completed. (0x12B)
[1001/225523.646:ERROR:process_memory_win.cc(73)] ReadMemory at 0x1bbce46e8b0 of 512 bytes failed: Only part of a ReadProcessMemory or WriteProcessMemory request was completed. (0x12B)
[1001/225523.654:ERROR:process_memory_win.cc(73)] ReadMemory at 0x1bbce560f40 of 512 bytes failed: Only part of a ReadProcessMemory or WriteProcessMemory request was completed. (0x12B)
[1001/225523.654:ERROR:process_memory_win.cc(73)] ReadMemory at 0x1bbce561cc0 of 512 bytes failed: Only part of a ReadProcessMemory or WriteProcessMemory request was completed. (0x12B)
[1001/225523.654:ERROR:process_memory_win.cc(73)] ReadMemory at 0x1bbd14a0000 of 384 bytes failed: Only part of a ReadProcessMemory or WriteProcessMemory request was completed. (0x12B)
[1001/225523.655:ERROR:process_memory_win.cc(73)] ReadMemory at 0x1bbd1626370 of 512 bytes failed: Only part of a ReadProcessMemory or WriteProcessMemory request was completed. (0x12B)
[1001/225523.655:ERROR:process_memory_win.cc(73)] ReadMemory at 0x1bbd166a7c0 of 512 bytes failed: Only part of a ReadProcessMemory or WriteProcessMemory request was completed. (0x12B)
[1001/225523.658:ERROR:scoped_process_suspend.cc(40)] NtResumeProcess: An attempt was made to access an exiting process. (0xc000010a)
[1001/225631.575:ERROR:process_info.cc(329)] VirtualQueryEx: Access is denied. (0x5)
[1001/225631.575:ERROR:process_info.cc(556)] ReadMemoryInfo failed
[1001/225631.575:ERROR:scoped_process_suspend.cc(40)] NtResumeProcess: An attempt was made to access an exiting process. (0xc000010a)
